<?xml version="1.0" encoding="UTF-8"?>
<!-- Generated by org.testng.reporters.JUnitReportReporter -->
<testsuite skipped="0" hostname="ppandey.mobileiron.dev" name="com.blackbuck.pkp.tests.BlackBuckTests" tests="1" failures="0" timestamp="10 Jul 2018 10:10:37 GMT" time="23.716" errors="0">
  <testcase name="testOrderCreationAndModification" time="23.716" classname="com.blackbuck.pkp.tests.BlackBuckTests"/>
</testsuite> <!-- com.blackbuck.pkp.tests.BlackBuckTests -->
